Case #1: 33.333333 66.666667 
Case #2: 0.000000 100.000000 
Case #3: 25.000000 25.000000 25.000000 25.000000 
Case #4: 34.666667 26.666667 38.666667 
Case #5: 13.603967 14.688565 10.567090 17.074682 17.291602 15.122405 11.651689 
Case #6: 66.666667 33.333333 
Case #7: 0.000000 0.000000 24.576271 25.141243 25.141243 25.141243 0.000000 
Case #8: 50.000000 50.000000 
Case #9: 34.423676 44.704050 20.872274 
Case #10: 11.772487 22.089947 13.095238 8.597884 9.656085 9.656085 18.386243 6.746032 
Case #11: 14.285714 14.285714 14.285714 14.285714 14.285714 14.285714 0.000000 14.285714 
Case #12: 100.000000 0.000000 
Case #13: 0.000000 14.285714 14.285714 14.285714 14.285714 14.285714 14.285714 14.285714 
Case #14: 19.047619 19.047619 19.047619 4.761905 19.047619 19.047619 
Case #15: 16.666667 16.666667 16.666667 16.666667 16.666667 16.666667 
Case #16: 8.703704 14.629630 16.111111 14.382716 13.888889 10.185185 12.407407 9.691358 
Case #17: 6.856540 22.890295 14.662447 16.350211 3.902954 18.037975 3.902954 13.396624 
Case #18: 0.000000 19.880240 0.000000 20.179641 19.880240 19.880240 20.179641 0.000000 0.000000 
Case #19: 72.602740 27.397260 
Case #20: 10.000000 10.000000 10.000000 10.000000 10.000000 10.000000 10.000000 10.000000 10.000000 10.000000 
