Case #1: AB AB 
Case #2: A C C AB AB 
Case #3: C B CA 
Case #4: B C BA BA 
Case #5: A A BC BC BC 
Case #6: B C BA 
Case #7: C B CA CA CA 
Case #8: B C BA BA BA 
Case #9: C C AB AB 
Case #10: B B C C BA BA 
Case #11: C B CA CA 
Case #12: B C C BA BA BA 
Case #13: C A A CB CB CB 
Case #14: B AC AC AC AC 
Case #15: C A CB CB 
Case #16: AB AB AB 
Case #17: A BC BC BC 
Case #18: C B B CA CA CA 
Case #19: A BC BC BC BC 
Case #20: C C C AB AB AB 
Case #21: B AC AC AC 
Case #22: A C C AB AB AB 
Case #23: AB 
Case #24: C A CB CB CB 
Case #25: B AC AC 
Case #26: B A A BC BC BC 
Case #27: A C AB AB AB 
Case #28: C AB AB AB AB 
Case #29: A B AC AC AC 
Case #30: A B B AC AC AC 
Case #31: A C AB 
Case #32: B A BC BC 
Case #33: AB AB AB AB 
Case #34: C B B CA CA 
Case #35: A B AC AC 
Case #36: A C AB AB 
Case #37: B B AC AC AC 
Case #38: C C B B CA CA 
Case #39: B A BC BC BC 
Case #40: A BC BC 
Case #41: B C C BA BA 
Case #42: C C AB AB AB 
Case #43: C AB AB AB 
Case #44: C AB 
Case #45: C AB AB 
Case #46: A A C C AB AB 