Case #1: 1
1 1 1 
Case #2: 4
1 1 2 
1 1 3 
1 2 1 
1 2 2 
Case #3: 2
1 1 2 
1 1 3 
Case #4: 2
1 1 2 
1 2 3 
Case #5: 9
1 1 2 
1 1 3 
1 1 1 
1 2 2 
1 2 3 
1 2 1 
1 3 2 
1 3 3 
1 3 1 
Case #6: 6
1 1 2 
1 1 3 
1 2 1 
1 2 2 
1 3 3 
1 3 1 
Case #7: 18
1 1 2 
1 1 3 
1 1 1 
1 2 2 
1 2 3 
1 2 1 
1 3 2 
1 3 3 
1 3 1 
2 1 3 
2 1 1 
2 1 2 
2 2 3 
2 2 1 
2 2 2 
2 3 3 
2 3 1 
2 3 2 
Case #8: 2
1 1 2 
1 1 1 
Case #9: 6
1 1 2 
1 2 3 
1 3 1 
2 1 3 
2 2 1 
2 3 2 
Case #10: 9
1 1 2 
1 1 3 
1 1 1 
1 2 2 
1 2 3 
1 2 1 
1 3 2 
1 3 3 
1 3 1 
Case #11: 18
1 1 2 
1 1 3 
1 1 1 
1 2 2 
1 2 3 
1 2 1 
1 3 2 
1 3 3 
1 3 1 
2 1 3 
2 1 1 
2 1 2 
2 2 3 
2 2 1 
2 2 2 
2 3 3 
2 3 1 
2 3 2 
Case #12: 12
1 1 2 
1 1 3 
1 1 1 
1 2 2 
1 2 3 
1 2 1 
2 1 3 
2 1 1 
2 1 2 
2 2 3 
2 2 1 
2 2 2 
Case #13: 2
1 1 2 
1 2 1 
Case #14: 6
1 1 2 
1 1 3 
1 1 1 
1 2 2 
1 2 3 
1 2 1 
Case #15: 1
1 1 1 
Case #16: 12
1 1 2 
1 1 3 
1 1 1 
1 2 2 
1 2 3 
1 2 1 
2 1 3 
2 1 1 
2 1 2 
2 2 3 
2 2 1 
2 2 2 
Case #17: 2
1 1 2 
1 1 1 
Case #18: 3
1 1 2 
1 1 3 
1 1 1 
Case #19: 2
1 1 2 
1 1 1 
Case #20: 9
1 1 2 
1 1 3 
1 1 1 
1 2 2 
1 2 3 
1 2 1 
1 3 2 
1 3 3 
1 3 1 
Case #21: 3
1 1 2 
1 1 3 
1 1 1 
Case #22: 12
1 1 2 
1 1 3 
1 1 1 
1 2 2 
1 2 3 
1 2 1 
2 1 3 
2 1 1 
2 1 2 
2 2 3 
2 2 1 
2 2 2 
Case #23: 2
1 1 2 
1 1 1 
Case #24: 3
1 1 2 
1 1 3 
1 1 1 
Case #25: 6
1 1 2 
1 1 3 
1 1 1 
1 2 2 
1 2 3 
1 2 1 
Case #26: 4
1 1 2 
1 1 1 
1 2 2 
1 2 1 
Case #27: 1
1 1 2 
Case #28: 6
1 1 2 
1 1 3 
1 1 1 
1 2 2 
1 2 3 
1 2 1 
Case #29: 3
1 1 2 
1 1 3 
1 1 1 
Case #30: 27
1 1 2 
1 1 3 
1 1 1 
1 2 2 
1 2 3 
1 2 1 
1 3 2 
1 3 3 
1 3 1 
2 1 3 
2 1 1 
2 1 2 
2 2 3 
2 2 1 
2 2 2 
2 3 3 
2 3 1 
2 3 2 
3 1 1 
3 1 2 
3 1 3 
3 2 1 
3 2 2 
3 2 3 
3 3 1 
3 3 2 
3 3 3 
Case #31: 1
1 1 1 
Case #32: 6
1 1 2 
1 1 3 
1 1 1 
1 2 2 
1 2 3 
1 2 1 
Case #33: 4
1 1 2 
1 2 1 
2 1 1 
2 2 2 
Case #34: 6
1 1 2 
1 1 3 
1 1 1 
1 2 2 
1 2 3 
1 2 1 
Case #35: 4
1 1 2 
1 1 1 
1 2 2 
1 2 1 
Case #36: 6
1 1 2 
1 1 3 
1 1 1 
1 2 2 
1 2 3 
1 2 1 
Case #37: 4
1 1 2 
1 1 1 
1 2 2 
1 2 1 
Case #38: 12
1 1 2 
1 1 3 
1 1 1 
1 2 2 
1 2 3 
1 2 1 
2 1 3 
2 1 1 
2 1 2 
2 2 3 
2 2 1 
2 2 2 
Case #39: 8
1 1 2 
1 1 1 
1 2 2 
1 2 1 
2 1 1 
2 1 2 
2 2 1 
2 2 2 
Case #40: 3
1 1 2 
1 1 3 
1 1 1 
Case #41: 2
1 1 2 
1 1 1 
Case #42: 27
1 1 2 
1 1 3 
1 1 1 
1 2 2 
1 2 3 
1 2 1 
1 3 2 
1 3 3 
1 3 1 
2 1 3 
2 1 1 
2 1 2 
2 2 3 
2 2 1 
2 2 2 
2 3 3 
2 3 1 
2 3 2 
3 1 1 
3 1 2 
3 1 3 
3 2 1 
3 2 2 
3 2 3 
3 3 1 
3 3 2 
3 3 3 
Case #43: 4
1 1 2 
1 1 1 
1 2 2 
1 2 1 
Case #44: 8
1 1 2 
1 1 1 
1 2 2 
1 2 1 
2 1 1 
2 1 2 
2 2 1 
2 2 2 
Case #45: 8
1 1 2 
1 1 1 
1 2 2 
1 2 1 
2 1 1 
2 1 2 
2 2 1 
2 2 2 
Case #46: 27
1 1 2 
1 1 3 
1 1 1 
1 2 2 
1 2 3 
1 2 1 
1 3 2 
1 3 3 
1 3 1 
2 1 3 
2 1 1 
2 1 2 
2 2 3 
2 2 1 
2 2 2 
2 3 3 
2 3 1 
2 3 2 
3 1 1 
3 1 2 
3 1 3 
3 2 1 
3 2 2 
3 2 3 
3 3 1 
3 3 2 
3 3 3 
Case #47: 2
1 1 2 
1 1 1 
Case #48: 8
1 1 2 
1 1 1 
1 2 2 
1 2 1 
2 1 1 
2 1 2 
2 2 1 
2 2 2 
Case #49: 18
1 1 2 
1 1 3 
1 1 1 
1 2 2 
1 2 3 
1 2 1 
1 3 2 
1 3 3 
1 3 1 
2 1 3 
2 1 1 
2 1 2 
2 2 3 
2 2 1 
2 2 2 
2 3 3 
2 3 1 
2 3 2 
Case #50: 4
1 1 2 
1 1 1 
1 2 2 
1 2 1 
Case #51: 12
1 1 2 
1 1 3 
1 1 1 
1 2 2 
1 2 3 
1 2 1 
2 1 3 
2 1 1 
2 1 2 
2 2 3 
2 2 1 
2 2 2 
Case #52: 27
1 1 2 
1 1 3 
1 1 1 
1 2 2 
1 2 3 
1 2 1 
1 3 2 
1 3 3 
1 3 1 
2 1 3 
2 1 1 
2 1 2 
2 2 3 
2 2 1 
2 2 2 
2 3 3 
2 3 1 
2 3 2 
3 1 1 
3 1 2 
3 1 3 
3 2 1 
3 2 2 
3 2 3 
3 3 1 
3 3 2 
3 3 3 
Case #53: 12
1 1 2 
1 1 3 
1 1 1 
1 2 2 
1 2 3 
1 2 1 
2 1 3 
2 1 1 
2 1 2 
2 2 3 
2 2 1 
2 2 2 
Case #54: 3
1 1 2 
1 2 3 
1 3 1 
Case #55: 8
1 1 2 
1 1 1 
1 2 2 
1 2 1 
2 1 1 
2 1 2 
2 2 1 
2 2 2 
Case #56: 8
1 1 2 
1 1 1 
1 2 2 
1 2 1 
2 1 1 
2 1 2 
2 2 1 
2 2 2 
Case #57: 12
1 1 2 
1 1 3 
1 1 1 
1 2 2 
1 2 3 
1 2 1 
2 1 3 
2 1 1 
2 1 2 
2 2 3 
2 2 1 
2 2 2 
Case #58: 8
1 1 2 
1 1 1 
1 2 2 
1 2 1 
2 1 1 
2 1 2 
2 2 1 
2 2 2 
Case #59: 18
1 1 2 
1 1 3 
1 1 1 
1 2 2 
1 2 3 
1 2 1 
1 3 2 
1 3 3 
1 3 1 
2 1 3 
2 1 1 
2 1 2 
2 2 3 
2 2 1 
2 2 2 
2 3 3 
2 3 1 
2 3 2 
Case #60: 3
1 1 2 
1 1 3 
1 1 1 
Case #61: 4
1 1 2 
1 1 1 
1 2 2 
1 2 1 
Case #62: 9
1 1 2 
1 1 3 
1 1 1 
1 2 2 
1 2 3 
1 2 1 
1 3 2 
1 3 3 
1 3 1 
Case #63: 9
1 1 2 
1 1 3 
1 1 1 
1 2 2 
1 2 3 
1 2 1 
1 3 2 
1 3 3 
1 3 1 
Case #64: 1
1 1 1 
Case #65: 4
1 1 2 
1 1 1 
1 2 2 
1 2 1 
Case #66: 18
1 1 2 
1 1 3 
1 1 1 
1 2 2 
1 2 3 
1 2 1 
1 3 2 
1 3 3 
1 3 1 
2 1 3 
2 1 1 
2 1 2 
2 2 3 
2 2 1 
2 2 2 
2 3 3 
2 3 1 
2 3 2 
Case #67: 27
1 1 2 
1 1 3 
1 1 1 
1 2 2 
1 2 3 
1 2 1 
1 3 2 
1 3 3 
1 3 1 
2 1 3 
2 1 1 
2 1 2 
2 2 3 
2 2 1 
2 2 2 
2 3 3 
2 3 1 
2 3 2 
3 1 1 
3 1 2 
3 1 3 
3 2 1 
3 2 2 
3 2 3 
3 3 1 
3 3 2 
3 3 3 
Case #68: 1
1 1 1 
Case #69: 3
1 1 2 
1 1 3 
1 1 1 
Case #70: 9
1 1 2 
1 2 3 
1 3 1 
2 1 3 
2 2 1 
2 3 2 
3 1 1 
3 2 2 
3 3 3 
Case #71: 18
1 1 2 
1 1 3 
1 2 1 
1 2 2 
1 3 3 
1 3 1 
2 1 3 
2 1 1 
2 2 2 
2 2 3 
2 3 1 
2 3 2 
3 1 1 
3 1 2 
3 2 3 
3 2 1 
3 3 2 
3 3 3 
Case #72: 9
1 1 2 
1 1 3 
1 1 1 
1 2 2 
1 2 3 
1 2 1 
1 3 2 
1 3 3 
1 3 1 
Case #73: 9
1 1 2 
1 1 3 
1 1 1 
1 2 2 
1 2 3 
1 2 1 
1 3 2 
1 3 3 
1 3 1 
Case #74: 9
1 1 2 
1 1 3 
1 1 1 
1 2 2 
1 2 3 
1 2 1 
1 3 2 
1 3 3 
1 3 1 
Case #75: 18
1 1 2 
1 1 3 
1 1 1 
1 2 2 
1 2 3 
1 2 1 
1 3 2 
1 3 3 
1 3 1 
2 1 3 
2 1 1 
2 1 2 
2 2 3 
2 2 1 
2 2 2 
2 3 3 
2 3 1 
2 3 2 
Case #76: 4
1 1 2 
1 1 1 
1 2 2 
1 2 1 
Case #77: 27
1 1 2 
1 1 3 
1 1 1 
1 2 2 
1 2 3 
1 2 1 
1 3 2 
1 3 3 
1 3 1 
2 1 3 
2 1 1 
2 1 2 
2 2 3 
2 2 1 
2 2 2 
2 3 3 
2 3 1 
2 3 2 
3 1 1 
3 1 2 
3 1 3 
3 2 1 
3 2 2 
3 2 3 
3 3 1 
3 3 2 
3 3 3 
Case #78: 27
1 1 2 
1 1 3 
1 1 1 
1 2 2 
1 2 3 
1 2 1 
1 3 2 
1 3 3 
1 3 1 
2 1 3 
2 1 1 
2 1 2 
2 2 3 
2 2 1 
2 2 2 
2 3 3 
2 3 1 
2 3 2 
3 1 1 
3 1 2 
3 1 3 
3 2 1 
3 2 2 
3 2 3 
3 3 1 
3 3 2 
3 3 3 
Case #79: 8
1 1 2 
1 1 1 
1 2 2 
1 2 1 
2 1 1 
2 1 2 
2 2 1 
2 2 2 
Case #80: 27
1 1 2 
1 1 3 
1 1 1 
1 2 2 
1 2 3 
1 2 1 
1 3 2 
1 3 3 
1 3 1 
2 1 3 
2 1 1 
2 1 2 
2 2 3 
2 2 1 
2 2 2 
2 3 3 
2 3 1 
2 3 2 
3 1 1 
3 1 2 
3 1 3 
3 2 1 
3 2 2 
3 2 3 
3 3 1 
3 3 2 
3 3 3 
Case #81: 8
1 1 2 
1 1 3 
1 2 1 
1 2 2 
2 1 3 
2 1 1 
2 2 2 
2 2 3 
Case #82: 6
1 1 2 
1 1 3 
1 1 1 
1 2 2 
1 2 3 
1 2 1 
Case #83: 1
1 1 1 
Case #84: 8
1 1 2 
1 1 1 
1 2 2 
1 2 1 
2 1 1 
2 1 2 
2 2 1 
2 2 2 
Case #85: 12
1 1 2 
1 1 3 
1 2 1 
1 2 2 
1 3 3 
1 3 1 
2 1 3 
2 1 1 
2 2 2 
2 2 3 
2 3 1 
2 3 2 
Case #86: 3
1 1 2 
1 1 3 
1 1 1 
Case #87: 6
1 1 2 
1 1 3 
1 1 1 
1 2 2 
1 2 3 
1 2 1 
Case #88: 1
1 1 2 
Case #89: 1
1 1 1 
Case #90: 2
1 1 2 
1 1 1 
Case #91: 1
1 1 1 
Case #92: 18
1 1 2 
1 1 3 
1 1 1 
1 2 2 
1 2 3 
1 2 1 
1 3 2 
1 3 3 
1 3 1 
2 1 3 
2 1 1 
2 1 2 
2 2 3 
2 2 1 
2 2 2 
2 3 3 
2 3 1 
2 3 2 
Case #93: 12
1 1 2 
1 1 3 
1 1 1 
1 2 2 
1 2 3 
1 2 1 
2 1 3 
2 1 1 
2 1 2 
2 2 3 
2 2 1 
2 2 2 
Case #94: 4
1 1 2 
1 2 3 
2 1 3 
2 2 1 
Case #95: 4
1 1 2 
1 1 1 
1 2 2 
1 2 1 
Case #96: 18
1 1 2 
1 1 3 
1 1 1 
1 2 2 
1 2 3 
1 2 1 
1 3 2 
1 3 3 
1 3 1 
2 1 3 
2 1 1 
2 1 2 
2 2 3 
2 2 1 
2 2 2 
2 3 3 
2 3 1 
2 3 2 
Case #97: 1
1 1 1 
Case #98: 2
1 1 2 
1 1 1 
Case #99: 1
1 1 1 
Case #100: 2
1 1 2 
1 1 1 