Case #1: 3 
Case #2: 1 
Case #3: IMPOSSIBLE
Case #4: 1 2 
Case #5: 4 3 
Case #6: 3 
Case #7: 800668 
Case #8: 1 
Case #9: 2931 
Case #10: 37010010223 81517738033 126025465843 170533193653 215040921463 259548649273 304056377083 348564104893 393071832703 437579560513 482087288323 526595016133 571102743943 615610471753 660118199563 78065869 
Case #11: 381367045 
Case #12: 1 
Case #13: 1 
Case #14: IMPOSSIBLE
Case #15: 22 
Case #16: IMPOSSIBLE
Case #17: 48028639 104789756 
Case #18: 10 30 50 70 9 
Case #19: 1048020991 2311260577 3574500163 4837739749 6100979335 7364218921 8627458507 4475245 
Case #20: 1 
Case #21: 1048020991 2311260577 3574500163 4837739749 6100979335 7364218921 8627458507 4475245 
Case #22: 100 300 500 700 900 1100 1300 1500 1700 1900 2100 2300 2500 2700 2900 3100 3300 3500 3700 3900 4100 4300 4500 4700 4900 5100 5300 5500 5700 5900 6100 6300 6500 6700 6900 7100 7300 7500 7700 7900 8100 8300 8500 8700 8900 9100 9300 9500 9700 99 
Case #23: IMPOSSIBLE
Case #24: 1977652 4391056 13 
Case #25: 63279542987640163 132553990047793603 19654 
Case #26: 2359 5639 9 
Case #27: IMPOSSIBLE
Case #28: 15335 36215 57095 77975 17 
Case #29: 1 
Case #30: 229 
Case #31: 1 2 3 4 5 6 7 8 9 10 11 12 13 14 15 16 17 18 19 20 21 22 23 24 25 26 27 28 29 30 31 32 33 34 35 36 37 38 39 40 41 42 43 44 45 46 47 48 49 50 51 52 53 54 55 56 57 58 59 60 61 62 63 64 65 66 67 68 69 70 71 72 73 74 75 76 77 78 79 80 81 82 83 84 85 86 87 88 89 90 91 92 93 94 95 96 97 98 99 100 
Case #32: IMPOSSIBLE
Case #33: IMPOSSIBLE
Case #34: 92062836196495261 194547880264291871 297032924332088481 399517968399885091 502003012467681701 604488056535478311 
Case #35: 105459748 232921888 360384028 487846168 20484987 
Case #36: 1 2 3 
Case #37: 1 
Case #38: 56 168 280 392 504 616 728 840 952 1064 1176 1288 1400 1512 1624 1736 1848 1960 2072 2184 2296 2408 2520 2632 2744 2856 2968 55 
Case #39: 182553388822831 386170630202141 589787871581451 
Case #40: IMPOSSIBLE
Case #41: 22 
Case #42: IMPOSSIBLE
Case #43: 1 2 3 4 5 6 7 8 9 10 11 12 13 14 15 16 17 18 19 20 21 22 23 24 25 26 27 
Case #44: 9876543211 
Case #45: 288885970513625 619584384127905 950282797742185 1280981211356465 1611679624970745 1942378038585025 2273076452199305 2603774865813585 2934473279427865 3265171693042145 3595870106656425 
Case #46: IMPOSSIBLE
Case #47: IMPOSSIBLE
Case #48: 37 4 
Case #49: 22 
Case #50: 3 
Case #51: IMPOSSIBLE
Case #52: 1 
Case #53: 35601716488343 75789416795522 115977117102701 156164817409880 1443 
Case #54: 50403020101 111009080707 171615141313 232221201919 292827262525 353433323131 414039383737 474645444343 535251504949 595857565555 656463626161 717069686767 777675747373 838281807979 898887868585 959493929191 99989797 
Case #55: 13893112382269 29811563398269 45730014414269 61648465430269 77566916446269 93485367462269 109403818478269 57 
Case #56: 22 
Case #57: 20101 50404 80707 111010 141313 171616 201919 232222 262525 292828 323131 353434 383737 414040 444343 474646 504949 535252 565555 595858 626161 656464 686767 717070 747373 777676 807979 838282 868585 898888 929191 959494 989797 100 
Case #58: IMPOSSIBLE
Case #59: IMPOSSIBLE
Case #60: 2931 
Case #61: 2931 
Case #62: 7464246737746 15804187226846 21 
Case #63: 229 
Case #64: 800668 
Case #65: IMPOSSIBLE
Case #66: IMPOSSIBLE
Case #67: IMPOSSIBLE
Case #68: IMPOSSIBLE
Case #69: 1 
Case #70: 2335057218037 4974687116686 7614317015335 
Case #71: 200949153388822831 420855774078478003 728133175 
Case #72: 22 
Case #73: IMPOSSIBLE
Case #74: 146931166 324431902 501932638 679433374 856934110 31 
Case #75: 101 303 505 707 909 1111 1313 1515 1717 1919 2121 2323 2525 2727 2929 3131 3333 3535 3737 3939 4141 4343 4545 4747 4949 5151 5353 5555 5757 5959 6161 6363 6565 6767 6969 7171 7373 7575 7777 7979 8181 8383 8585 8787 8989 9191 9393 9595 9797 9999 
Case #76: IMPOSSIBLE
Case #77: 4 3 
Case #78: 3512494 80 
Case #79: 3020101 7060505 11100909 15141313 19181717 23222121 27262525 31302929 35343333 39383737 43424141 47464545 51504949 55545353 59585757 63626161 67666565 71706969 75747373 79787777 83828181 87868585 91908989 95949393 99989797 
Case #80: 1 
Case #81: 3 
Case #82: IMPOSSIBLE
Case #83: 67889120939518555 143468806360466945 219048491781415335 294628177202363725 370207862623312115 128023665564825 
Case #84: IMPOSSIBLE
Case #85: IMPOSSIBLE
Case #86: 1 2 3 4 5 6 7 8 9 10 11 12 13 14 15 16 17 18 19 20 21 22 23 24 25 26 27 28 29 30 31 32 33 34 35 36 37 38 39 40 41 42 43 44 45 46 47 48 49 50 51 52 53 54 55 56 57 58 59 60 
Case #87: IMPOSSIBLE
Case #88: 5 15 
Case #89: 3 
Case #90: 904 2293 3682 5071 6460 7849 9238 
Case #91: 43211 98766 
Case #92: 1276951 2987255 4697559 6407863 8118167 9828471 11538775 13249079 14959383 16669687 18379991 20090295 21800599 23510903 25221207 26931511 28641815 30352119 421798 
Case #93: 3 
Case #94: 80706050403020101 171615141312111010 262524232221201919 353433323130292828 444342414039383737 535251504948474646 626160595857565555 717069686766656464 807978777675747373 898887868584838282 989796959493929191 100 
Case #95: IMPOSSIBLE
Case #96: 148390053388881 318285911616729 488181769844577 658077628072425 827973486300273 997869344528121 1167765202755969 1337661060983817 1507556919211665 1677452777439513 
Case #97: 1 
Case #98: 3 
Case #99: 1 2 3 4 
Case #100: IMPOSSIBLE
