Case #1: 3 
Case #2: 1 
Case #3: 1 2 
Case #4: 4 3 
Case #5: 65 195 325 455 585 715 845 975 1105 1235 1365 1495 1625 1755 1885 2015 2145 2275 2405 2535 2665 2795 2925 3055 3185 3315 3445 3575 3705 3835 3965 4095 
Case #6: 1 2 3 4 5 6 7 8 9 10 11 12 13 14 15 16 17 18 19 20 21 22 23 24 25 26 27 28 29 30 31 32 33 34 35 36 37 38 39 40 41 42 43 44 45 46 47 
Case #7: 37 4 
Case #8: 5360622115171 11625445550972 17890268986773 24155092422574 30419915858375 36684739294176 42949562729977 49214386165778 55479209601579 61744033037380 68008856473181 74273679908982 80538503344783 86803326780584 
Case #9: 229 
Case #10: 1 2 3 4 5 6 7 8 9 10 11 12 13 14 15 16 17 18 19 20 21 22 23 24 25 26 27 28 29 30 31 32 33 34 35 36 37 38 39 40 41 42 43 44 45 46 47 48 49 50 51 52 53 54 55 56 57 58 59 60 61 62 63 64 65 66 67 68 69 70 71 72 73 
Case #11: 1 
Case #12: 1 2 3 
Case #13: 288885970513625 619584384127905 950282797742185 1280981211356465 1611679624970745 1942378038585025 2273076452199305 2603774865813585 2934473279427865 3265171693042145 3595870106656425 
Case #14: 1 
Case #15: 995119 2328479 3661839 4995199 6328559 7661919 8995279 10328639 11661999 12995359 14328719 15662079 16995439 18328799 19662159 20995519 22328879 69 
Case #16: 1 2 3 4 5 6 7 8 9 10 11 12 13 14 15 16 17 18 19 20 21 22 23 24 25 26 27 28 29 30 31 32 33 34 35 36 37 38 39 40 41 42 43 44 45 46 47 48 49 50 51 52 53 54 55 56 57 58 59 60 61 62 63 64 65 66 67 68 69 70 71 72 73 74 75 76 77 78 79 80 81 82 83 84 85 86 87 88 89 90 91 92 93 
Case #17: 285325054906774483 104613 
Case #18: 3024644829 6512523549 17 
Case #19: 182553388822831 386170630202141 589787871581451 
Case #20: 8463200979279871 17890033753230221 27316866527180571 36743699301130921 9469618231 
Case #21: 1 2 3 4 5 6 7 8 9 10 11 12 13 14 15 16 17 18 19 20 21 22 23 24 
Case #22: 1882011 4258286 6634561 9010836 11387111 26 
Case #23: 9 27 45 63 
Case #24: 5517841 12228727 65245 
Case #25: 868066 159441 
Case #26: 101 303 505 707 909 1111 1313 1515 1717 1919 2121 2323 2525 2727 2929 3131 3333 3535 3737 3939 4141 4343 4545 4747 4949 5151 5353 5555 5757 5959 6161 6363 6565 6767 6969 7171 7373 7575 7777 7979 8181 8383 8585 8787 8989 9191 9393 9595 9797 9999 
Case #27: 3020101 7060505 11100909 15141313 19181717 23222121 27262525 31302929 35343333 39383737 43424141 47464545 51504949 55545353 59585757 63626161 67666565 71706969 75747373 79787777 83828181 87868585 91908989 95949393 99989797 
Case #28: 1658237634775591 224 
Case #29: 43211 98766 
Case #30: 19879396495261 42653850732549 65428304969837 88202759207125 110977213444413 133751667681701 156526121918989 12956277 
Case #31: 1 2 3 4 5 6 7 8 9 10 11 12 13 14 15 16 17 18 19 20 21 22 23 24 25 26 27 28 29 30 31 32 33 34 35 36 
Case #32: 3 
Case #33: 63769987 143805192 223840397 303875602 383910807 463946012 543981217 624016422 704051627 784086832 864122037 944157242 249982 
Case #34: 1369753 3100758 4831763 6562768 331149 
Case #35: 1276 3229 5182 7135 9088 11041 12994 14947 25 
Case #36: 198541656671 38189 
Case #37: 1 
Case #38: 229 
Case #39: 20101 50404 80707 111010 141313 171616 201919 232222 262525 292828 323131 353434 383737 414040 444343 474646 504949 535252 565555 595858 626161 656464 686767 717070 747373 777676 807979 838282 868585 898888 929191 959494 989797 100 
Case #40: 4163166888996085 8855354984881174 13547543080766263 18239731176651352 22931919272536441 27624107368421530 32316295464306619 107894824378 
Case #41: 14663516159395 31222696004794 47781875850193 52475119336 
Case #42: 148390053388881 318285911616729 488181769844577 658077628072425 827973486300273 997869344528121 1167765202755969 1337661060983817 1507556919211665 1677452777439513 
Case #43: 1 2 3 4 5 6 7 8 9 10 
Case #44: 1 
Case #45: 6832141354 15055630642 23279119930 31502609218 39726098506 47949587794 56173077082 64396566370 72620055658 80843544946 89067034234 67 
Case #46: 1589413388881 3447649338248 5305885287615 7164121236982 9022357186349 10880593135716 12738829085083 14597065034450 16455300983817 18313536933184 20171772882551 511918 
Case #47: 191562507 431747912 671933317 912118722 1152304127 1392489532 1632674937 1872860342 2113045747 2353231152 2593416557 2833601962 3073787367 3313972772 3554158177 3794343582 571702 
Case #48: 22 
Case #49: 381367045 
Case #50: 4279 10768 17257 23746 30235 36724 43213 49702 56191 62680 69169 75658 82147 88636 95125 46 
Case #51: 48028639 104789756 
Case #52: 1 
Case #53: 1 2 3 4 5 6 
Case #54: 3 
Case #55: 229 
Case #56: 80706050403020101 171615141312111010 262524232221201919 353433323130292828 444342414039383737 535251504948474646 626160595857565555 717069686766656464 807978777675747373 898887868584838282 989796959493929191 100 
Case #57: 3 
Case #58: 1 
Case #59: 229 
Case #60: 1 2 3 4 5 6 7 8 9 10 11 12 13 14 15 16 17 18 19 20 21 22 23 24 25 26 27 28 29 30 31 32 33 34 35 36 37 38 39 40 41 42 43 44 45 46 47 48 49 50 51 52 53 54 55 56 57 58 
Case #61: 1 2 3 4 5 6 7 8 9 10 11 12 13 14 15 16 17 18 19 20 21 22 23 24 25 26 27 28 29 30 31 32 33 34 35 36 37 38 39 40 41 42 43 44 45 46 47 48 49 50 51 52 53 54 55 56 57 58 59 60 61 62 63 64 65 66 67 68 69 70 71 72 73 74 75 76 77 78 79 80 81 82 83 84 85 86 87 88 89 90 91 92 93 94 95 96 97 98 99 100 
Case #62: 19307 48416 77525 106634 135743 164852 193961 223070 252179 281288 310397 339506 368615 397724 426833 455942 485051 514160 543269 572378 601487 630596 659705 688814 717923 747032 776141 805250 834359 863468 892577 921686 9603 
Case #63: 268742986 593142802 917542618 1241942434 1566342250 52476441 
Case #64: 61288891 135428677 209568463 283708249 675 
Case #65: 1 2 3 4 5 6 7 8 9 10 11 12 13 14 15 16 17 18 19 20 21 22 23 24 25 26 27 28 29 30 31 32 33 34 35 36 37 38 39 40 41 42 43 44 45 46 47 48 49 50 51 52 53 54 55 56 57 58 59 60 61 62 63 64 65 66 67 68 69 70 71 72 73 74 75 76 77 78 79 80 81 82 83 84 85 86 
Case #66: 151099783399 327938962076 504778140753 681617319430 858456498107 1035295676784 1212134855461 459001562 
Case #67: 1 2 3 4 5 6 7 8 9 10 11 12 13 14 15 16 17 18 19 20 21 22 23 24 25 26 27 28 29 30 31 32 33 34 35 36 37 38 39 40 41 42 43 44 45 46 47 48 49 50 51 52 53 54 55 56 57 58 59 60 61 62 63 64 65 66 67 68 69 
Case #68: 1 
Case #69: 1 
Case #70: 1 
Case #71: 18163 42863 67563 92263 323 
Case #72: 276577211 623261736 969946261 1316630786 1663315311 2009999836 2356684361 2703368886 3050053411 3396737936 3743422461 4090106986 4436791511 4783476036 5130160561 5476845086 5823529611 6170214136 91 
Case #73: 1 
Case #74: 4852 12205 19558 26911 34264 41617 48970 56323 63676 71029 78382 85735 93088 100441 107794 115147 49 
Case #75: 1 
Case #76: 26628533977 58656402031 90684270085 122712138139 154740006193 186767874247 218795742301 250823610355 282851478409 314879346463 346907214517 378935082571 410962950625 442990818679 59961613 
Case #77: 1 2 3 4 
Case #78: 3051246424 6725865772 10400485120 14075104468 17749723816 21424343164 25098962512 28773581860 32448201208 185134 
Case #79: 3 
Case #80: 1392371336829 2989356382653 4586341428477 6183326474301 7780311520125 41 
Case #81: 22 
Case #82: 231149779 520929384 810708989 1100488594 1390268199 1680047804 1969827409 2259607014 2549386619 2839166224 3128945829 3418725434 3708505039 3998284644 4288064249 4577843854 4867623459 7568 
Case #83: 5041125604918 10932667181447 16824208757976 22715750334505 28607291911034 34498833487563 40390375064092 46281916640621 52173458217150 58064999793679 63956541370208 69848082946737 75739624523266 832881621682 
Case #84: 1 
Case #85: 229 
Case #86: 120259 282239 444219 606199 768179 930159 1092139 1254119 1155 
Case #87: 1 2 3 4 5 6 7 8 9 10 11 12 13 14 15 16 17 18 19 20 21 22 23 24 25 26 27 28 29 30 31 32 33 34 35 36 37 38 39 40 41 42 43 44 45 46 47 48 49 50 51 52 53 54 55 56 57 58 59 60 
Case #88: 32014227 72225332 112436437 152647542 192858647 233069752 273280857 313491962 353703067 393914172 148822 
Case #89: 30204307936647410 63836513776169150 97468719615690890 131100925455212630 164733131294734370 148822 
Case #90: 276921825385415 582993316600872 
Case #91: 10154 25493 40832 56171 71510 86849 102188 117527 132866 148205 163544 178883 194222 209561 224900 240239 255578 270917 286256 301595 316934 332273 347612 5040 
Case #92: 22 
Case #93: 3 
Case #94: 50403020101 111009080707 171615141313 232221201919 292827262525 353433323131 414039383737 474645444343 535251504949 595857565555 656463626161 717069686767 777675747373 838281807979 898887868585 959493929191 99989797 
Case #95: 2931 
Case #96: 18476676539861 39339639717710 60202602895559 2249927401533 
Case #97: 9876543211 
Case #98: 5 15 
Case #99: 3 
Case #100: 7317056269589 15702896039229 24088735808869 32474575578509 40860415348149 49246255117789 7308805 
